<?xml version="1.0" encoding="UTF-8"?>
<testsuite name="com.junu.springboot.domain.posts.PostsRepositoryTest" tests="1" skipped="0" failures="0" errors="0" timestamp="2021-01-12T20:02:55" hostname="joonwoo" time="0.47">
  <properties/>
  <testcase name="selectList" classname="com.junu.springboot.domain.posts.PostsRepositoryTest" time="0.47"/>
  <system-out><![CDATA[05:02:50.355 [Test worker] DEBUG org.springframework.test.context.junit4.SpringJUnit4ClassRunner - SpringJUnit4ClassRunner constructor called with [class com.junu.springboot.domain.posts.PostsRepositoryTest]
05:02:50.363 [Test worker] DEBUG org.springframework.test.context.BootstrapUtils - Instantiating CacheAwareContextLoaderDelegate from class [org.springframework.test.context.cache.DefaultCacheAwareContextLoaderDelegate]
05:02:50.372 [Test worker] DEBUG org.springframework.test.context.BootstrapUtils - Instantiating BootstrapContext using constructor [public org.springframework.test.context.support.DefaultBootstrapContext(java.lang.Class,org.springframework.test.context.CacheAwareContextLoaderDelegate)]
05:02:50.393 [Test worker] DEBUG org.springframework.test.context.BootstrapUtils - Instantiating TestContextBootstrapper for test class [com.junu.springboot.domain.posts.PostsRepositoryTest] from class [org.springframework.boot.test.context.SpringBootTestContextBootstrapper]
05:02:50.408 [Test worker] INFO org.springframework.boot.test.context.SpringBootTestContextBootstrapper - Neither @ContextConfiguration nor @ContextHierarchy found for test class [com.junu.springboot.domain.posts.PostsRepositoryTest], using SpringBootContextLoader
05:02:50.418 [Test worker] DEBUG org.springframework.test.context.support.AbstractContextLoader - Did not detect default resource location for test class [com.junu.springboot.domain.posts.PostsRepositoryTest]: class path resource [com/junu/springboot/domain/posts/PostsRepositoryTest-context.xml] does not exist
05:02:50.418 [Test worker] DEBUG org.springframework.test.context.support.AbstractContextLoader - Did not detect default resource location for test class [com.junu.springboot.domain.posts.PostsRepositoryTest]: class path resource [com/junu/springboot/domain/posts/PostsRepositoryTestContext.groovy] does not exist
05:02:50.418 [Test worker] INFO org.springframework.test.context.support.AbstractContextLoader - Could not detect default resource locations for test class [com.junu.springboot.domain.posts.PostsRepositoryTest]: no resource found for suffixes {-context.xml, Context.groovy}.
05:02:50.419 [Test worker] INFO org.springframework.test.context.support.AnnotationConfigContextLoaderUtils - Could not detect default configuration classes for test class [com.junu.springboot.domain.posts.PostsRepositoryTest]: PostsRepositoryTest does not declare any static, non-private, non-final, nested classes annotated with @Configuration.
05:02:50.477 [Test worker] DEBUG org.springframework.test.context.support.ActiveProfilesUtils - Could not find an 'annotation declaring class' for annotation type [org.springframework.test.context.ActiveProfiles] and class [com.junu.springboot.domain.posts.PostsRepositoryTest]
05:02:50.586 [Test worker] DEBUG org.springframework.context.annotation.ClassPathScanningCandidateComponentProvider - Identified candidate component class: file [C:\BackendWorkspace\java-practice\Spring실습\CRUD\build\classes\java\main\com\junu\springboot\Application.class]
05:02:50.587 [Test worker] INFO org.springframework.boot.test.context.SpringBootTestContextBootstrapper - Found @SpringBootConfiguration com.junu.springboot.Application for test class com.junu.springboot.domain.posts.PostsRepositoryTest
05:02:50.672 [Test worker] DEBUG org.springframework.boot.test.context.SpringBootTestContextBootstrapper - @TestExecutionListeners is not present for class [com.junu.springboot.domain.posts.PostsRepositoryTest]: using defaults.
05:02:50.673 [Test worker] INFO org.springframework.boot.test.context.SpringBootTestContextBootstrapper - Loaded default TestExecutionListener class names from location [META-INF/spring.factories]: [org.springframework.boot.test.autoconfigure.restdocs.RestDocsTestExecutionListener, org.springframework.boot.test.autoconfigure.web.client.MockRestServiceServerResetTestExecutionListener, org.springframework.boot.test.autoconfigure.web.servlet.MockMvcPrintOnlyOnFailureTestExecutionListener, org.springframework.boot.test.autoconfigure.web.servlet.WebDriverTestExecutionListener, org.springframework.boot.test.mock.mockito.MockitoTestExecutionListener, org.springframework.boot.test.mock.mockito.ResetMocksTestExecutionListener, org.springframework.test.context.web.ServletTestExecutionListener, org.springframework.test.context.support.DirtiesContextBeforeModesTestExecutionListener, org.springframework.test.context.support.DependencyInjectionTestExecutionListener, org.springframework.test.context.support.DirtiesContextTestExecutionListener, org.springframework.test.context.transaction.TransactionalTestExecutionListener, org.springframework.test.context.jdbc.SqlScriptsTestExecutionListener]
05:02:50.691 [Test worker] INFO org.springframework.boot.test.context.SpringBootTestContextBootstrapper - Using TestExecutionListeners: [org.springframework.test.context.web.ServletTestExecutionListener@1336273a, org.springframework.test.context.support.DirtiesContextBeforeModesTestExecutionListener@50ff626a, org.springframework.boot.test.mock.mockito.MockitoTestExecutionListener@6f0814a5, org.springframework.boot.test.autoconfigure.SpringBootDependencyInjectionTestExecutionListener@727f295d, org.springframework.test.context.support.DirtiesContextTestExecutionListener@5052dfdf, org.springframework.test.context.transaction.TransactionalTestExecutionListener@7b150b8d, org.springframework.test.context.jdbc.SqlScriptsTestExecutionListener@54178576, org.springframework.boot.test.autoconfigure.restdocs.RestDocsTestExecutionListener@5fa97b68, org.springframework.boot.test.autoconfigure.web.client.MockRestServiceServerResetTestExecutionListener@19c3eb65, org.springframework.boot.test.autoconfigure.web.servlet.MockMvcPrintOnlyOnFailureTestExecutionListener@4ad9c2b3, org.springframework.boot.test.autoconfigure.web.servlet.WebDriverTestExecutionListener@220dc2ab, org.springframework.boot.test.mock.mockito.ResetMocksTestExecutionListener@36eb9fb9]
05:02:50.694 [Test worker] DEBUG org.springframework.test.annotation.ProfileValueUtils - Retrieved @ProfileValueSourceConfiguration [null] for test class [com.junu.springboot.domain.posts.PostsRepositoryTest]
05:02:50.695 [Test worker] DEBUG org.springframework.test.annotation.ProfileValueUtils - Retrieved ProfileValueSource type [class org.springframework.test.annotation.SystemProfileValueSource] for class [com.junu.springboot.domain.posts.PostsRepositoryTest]
05:02:50.698 [Test worker] DEBUG org.springframework.test.annotation.ProfileValueUtils - Retrieved @ProfileValueSourceConfiguration [null] for test class [com.junu.springboot.domain.posts.PostsRepositoryTest]
05:02:50.698 [Test worker] DEBUG org.springframework.test.annotation.ProfileValueUtils - Retrieved ProfileValueSource type [class org.springframework.test.annotation.SystemProfileValueSource] for class [com.junu.springboot.domain.posts.PostsRepositoryTest]
05:02:50.699 [Test worker] DEBUG org.springframework.test.annotation.ProfileValueUtils - Retrieved @ProfileValueSourceConfiguration [null] for test class [com.junu.springboot.domain.posts.PostsRepositoryTest]
05:02:50.699 [Test worker] DEBUG org.springframework.test.annotation.ProfileValueUtils - Retrieved ProfileValueSource type [class org.springframework.test.annotation.SystemProfileValueSource] for class [com.junu.springboot.domain.posts.PostsRepositoryTest]
05:02:50.703 [Test worker] DEBUG org.springframework.test.context.support.AbstractDirtiesContextTestExecutionListener - Before test class: context [DefaultTestContext@4ca35d83 testClass = PostsRepositoryTest, testInstance = [null], testMethod = [null], testException = [null], mergedContextConfiguration = [WebMergedContextConfiguration@4d98607 testClass = PostsRepositoryTest, locations = '{}', classes = '{class com.junu.springboot.Application}', contextInitializerClasses = '[]', activeProfiles = '{}', propertySourceLocations = '{}', propertySourceProperties = '{org.springframework.boot.test.context.SpringBootTestContextBootstrapper=true}', contextCustomizers = set[org.springframework.boot.test.autoconfigure.properties.PropertyMappingContextCustomizer@0, org.springframework.boot.test.autoconfigure.web.servlet.WebDriverContextCustomizerFactory$Customizer@534f17f6, org.springframework.boot.test.context.filter.ExcludeFilterContextCustomizer@26a0b7a4, org.springframework.boot.test.json.DuplicateJsonObjectContextCustomizerFactory$DuplicateJsonObjectContextCustomizer@63cff4ac, org.springframework.boot.test.mock.mockito.MockitoContextCustomizer@0, org.springframework.boot.test.web.client.TestRestTemplateContextCustomizer@2d34fba8], resourceBasePath = 'src/main/webapp', contextLoader = 'org.springframework.boot.test.context.SpringBootContextLoader', parent = [null]], attributes = map['org.springframework.test.context.web.ServletTestExecutionListener.activateListener' -> true]], class annotated with @DirtiesContext [false] with mode [null].
05:02:50.704 [Test worker] DEBUG org.springframework.test.annotation.ProfileValueUtils - Retrieved @ProfileValueSourceConfiguration [null] for test class [com.junu.springboot.domain.posts.PostsRepositoryTest]
05:02:50.704 [Test worker] DEBUG org.springframework.test.annotation.ProfileValueUtils - Retrieved ProfileValueSource type [class org.springframework.test.annotation.SystemProfileValueSource] for class [com.junu.springboot.domain.posts.PostsRepositoryTest]
05:02:50.724 [Test worker] DEBUG org.springframework.test.context.support.TestPropertySourceUtils - Adding inlined properties to environment: {spring.jmx.enabled=false, org.springframework.boot.test.context.SpringBootTestContextBootstrapper=true, server.port=-1}

  .   ____          _            __ _ _
 /\\ / ___'_ __ _ _(_)_ __  __ _ \ \ \ \
( ( )\___ | '_ | '_| | '_ \/ _` | \ \ \ \
 \\/  ___)| |_)| | | | | || (_| |  ) ) ) )
  '  |____| .__|_| |_|_| |_\__, | / / / /
 =========|_|==============|___/=/_/_/_/
 :: Spring Boot ::        (v2.1.7.RELEASE)

2021-01-13 05:02:50.958  INFO 20840 --- [    Test worker] c.j.s.domain.posts.PostsRepositoryTest   : Starting PostsRepositoryTest on joonwoo with PID 20840 (started by joonwoo in C:\BackendWorkspace\java-practice\Spring실습\CRUD)
2021-01-13 05:02:50.960  INFO 20840 --- [    Test worker] c.j.s.domain.posts.PostsRepositoryTest   : No active profile set, falling back to default profiles: default
2021-01-13 05:02:51.631  INFO 20840 --- [    Test worker] .s.d.r.c.RepositoryConfigurationDelegate : Bootstrapping Spring Data repositories in DEFAULT mode.
2021-01-13 05:02:51.725  INFO 20840 --- [    Test worker] .s.d.r.c.RepositoryConfigurationDelegate : Finished Spring Data repository scanning in 84ms. Found 1 repository interfaces.
2021-01-13 05:02:52.092  INFO 20840 --- [    Test worker] trationDelegate$BeanPostProcessorChecker : Bean 'org.springframework.transaction.annotation.ProxyTransactionManagementConfiguration' of type [org.springframework.transaction.annotation.ProxyTransactionManagementConfiguration$$EnhancerBySpringCGLIB$$71de741d] is not eligible for getting processed by all BeanPostProcessors (for example: not eligible for auto-proxying)
2021-01-13 05:02:52.296  INFO 20840 --- [    Test worker] com.zaxxer.hikari.HikariDataSource       : HikariPool-1 - Starting...
2021-01-13 05:02:52.506  INFO 20840 --- [    Test worker] com.zaxxer.hikari.HikariDataSource       : HikariPool-1 - Start completed.
2021-01-13 05:02:52.590  INFO 20840 --- [    Test worker] o.hibernate.jpa.internal.util.LogHelper  : HHH000204: Processing PersistenceUnitInfo [
	name: default
	...]
2021-01-13 05:02:52.664  INFO 20840 --- [    Test worker] org.hibernate.Version                    : HHH000412: Hibernate Core {5.3.10.Final}
2021-01-13 05:02:52.666  INFO 20840 --- [    Test worker] org.hibernate.cfg.Environment            : HHH000206: hibernate.properties not found
2021-01-13 05:02:52.822  INFO 20840 --- [    Test worker] o.hibernate.annotations.common.Version   : HCANN000001: Hibernate Commons Annotations {5.0.4.Final}
2021-01-13 05:02:52.986  INFO 20840 --- [    Test worker] org.hibernate.dialect.Dialect            : HHH000400: Using dialect: org.hibernate.dialect.H2Dialect
2021-01-13 05:02:53.627  INFO 20840 --- [    Test worker] o.h.t.schema.internal.SchemaCreatorImpl  : HHH000476: Executing import script 'org.hibernate.tool.schema.internal.exec.ScriptSourceInputNonExistentImpl@735a711b'
2021-01-13 05:02:53.631  INFO 20840 --- [    Test worker] j.LocalContainerEntityManagerFactoryBean : Initialized JPA EntityManagerFactory for persistence unit 'default'
2021-01-13 05:02:54.557  INFO 20840 --- [    Test worker] o.s.s.concurrent.ThreadPoolTaskExecutor  : Initializing ExecutorService 'applicationTaskExecutor'
2021-01-13 05:02:54.614  WARN 20840 --- [    Test worker] aWebConfiguration$JpaWebMvcConfiguration : spring.jpa.open-in-view is enabled by default. Therefore, database queries may be performed during view rendering. Explicitly configure spring.jpa.open-in-view to disable this warning
2021-01-13 05:02:55.001  INFO 20840 --- [    Test worker] c.j.s.domain.posts.PostsRepositoryTest   : Started PostsRepositoryTest in 4.27 seconds (JVM running for 5.696)
2021-01-13 05:02:55.314  INFO 20840 --- [    Test worker] o.h.h.i.QueryTranslatorFactoryInitiator  : HHH000397: Using ASTQueryTranslatorFactory
]]></system-out>
  <system-err><![CDATA[]]></system-err>
</testsuite>
